<?xml version="1.0" encoding="UTF-8"?>
<coverage generated="1752601708520" clover="3.2.0">
  <project timestamp="1752601708521" name="All files">
    <metrics statements="137" coveredstatements="112" conditionals="143" coveredconditionals="124" methods="52" coveredmethods="44" elements="332" coveredelements="280" complexity="0" loc="137" ncloc="137" packages="3" files="12" classes="12"/>
    <package name="src">
      <metrics statements="3" coveredstatements="0" conditionals="0" coveredconditionals="0" methods="1" coveredmethods="0"/>
      <file name="App.js" path="C:\Users\Richard\curly-broccoli\frontend\src\App.js">
        <metrics statements="1" coveredstatements="0" conditionals="0" coveredconditionals="0" methods="1" coveredmethods="0"/>
        <line num="6" count="0" type="stmt"/>
      </file>
      <file name="index.js" path="C:\Users\Richard\curly-broccoli\frontend\src\index.js">
        <metrics statements="2" coveredstatements="0" conditionals="0" coveredconditionals="0" methods="0" coveredmethods="0"/>
        <line num="7" count="0" type="stmt"/>
        <line num="8" count="0" type="stmt"/>
      </file>
    </package>
    <package name="src.components">
      <metrics statements="50" coveredstatements="30" conditionals="29" coveredconditionals="14" methods="18" coveredmethods="11"/>
      <file name="Dashboard.jsx" path="C:\Users\Richard\curly-broccoli\frontend\src\components\Dashboard.jsx">
        <metrics statements="1" coveredstatements="0" conditionals="0" coveredconditionals="0" methods="1" coveredmethods="0"/>
        <line num="4" count="0" type="stmt"/>
      </file>
      <file name="Onboarding.js" path="C:\Users\Richard\curly-broccoli\frontend\src\components\Onboarding.js">
        <metrics statements="7" coveredstatements="0" conditionals="10" coveredconditionals="0" methods="4" coveredmethods="0"/>
        <line num="3" count="0" type="stmt"/>
        <line num="6" count="0" type="stmt"/>
        <line num="7" count="0" type="stmt"/>
        <line num="9" count="0" type="stmt"/>
        <line num="10" count="0" type="stmt"/>
        <line num="12" count="0" type="stmt"/>
        <line num="14" count="0" type="stmt"/>
      </file>
      <file name="OnboardingWizard.jsx" path="C:\Users\Richard\curly-broccoli\frontend\src\components\OnboardingWizard.jsx">
        <metrics statements="42" coveredstatements="30" conditionals="19" coveredconditionals="14" methods="13" coveredmethods="11"/>
        <line num="11" count="1" type="stmt"/>
        <line num="21" count="117" type="stmt"/>
        <line num="22" count="117" type="stmt"/>
        <line num="23" count="117" type="stmt"/>
        <line num="25" count="936" type="stmt"/>
        <line num="27" count="117" type="stmt"/>
        <line num="28" count="117" type="stmt"/>
        <line num="29" count="117" type="stmt"/>
        <line num="31" count="117" type="stmt"/>
        <line num="32" count="117" type="stmt"/>
        <line num="34" count="117" type="stmt"/>
        <line num="36" count="117" type="cond" truecount="3" falsecount="1"/>
        <line num="38" count="117" type="stmt"/>
        <line num="39" count="117" type="stmt"/>
        <line num="40" count="53" type="stmt"/>
        <line num="43" count="117" type="stmt"/>
        <line num="44" count="117" type="stmt"/>
        <line num="46" count="117" type="stmt"/>
        <line num="47" count="1" type="stmt"/>
        <line num="48" count="1" type="stmt"/>
        <line num="64" count="8" type="stmt"/>
        <line num="67" count="1" type="cond" truecount="1" falsecount="1"/>
        <line num="68" count="0" type="stmt"/>
        <line num="69" count="0" type="stmt"/>
        <line num="70" count="0" type="stmt"/>
        <line num="71" count="0" type="cond" truecount="0" falsecount="3"/>
        <line num="75" count="0" type="stmt"/>
        <line num="76" count="0" type="stmt"/>
        <line num="79" count="1" type="stmt"/>
        <line num="80" count="1" type="stmt"/>
        <line num="82" count="0" type="stmt"/>
        <line num="83" count="0" type="stmt"/>
        <line num="84" count="0" type="stmt"/>
        <line num="86" count="1" type="stmt"/>
        <line num="87" count="1" type="stmt"/>
        <line num="88" count="1" type="stmt"/>
        <line num="90" count="0" type="stmt"/>
        <line num="91" count="0" type="stmt"/>
        <line num="94" count="0" type="stmt"/>
        <line num="98" count="117" type="stmt"/>
        <line num="100" count="117" type="stmt"/>
        <line num="105" count="702" type="stmt"/>
      </file>
    </package>
    <package name="src.components.steps">
      <metrics statements="84" coveredstatements="82" conditionals="114" coveredconditionals="110" methods="33" coveredmethods="33"/>
      <file name="StepAccount.jsx" path="C:\Users\Richard\curly-broccoli\frontend\src\components\steps\StepAccount.jsx">
        <metrics statements="17" coveredstatements="17" conditionals="22" coveredconditionals="22" methods="5" coveredmethods="5"/>
        <line num="4" count="46" type="stmt"/>
        <line num="6" count="46" type="stmt"/>
        <line num="7" count="23" type="stmt"/>
        <line num="8" count="23" type="cond" truecount="2" falsecount="0"/>
        <line num="9" count="2" type="stmt"/>
        <line num="10" count="21" type="cond" truecount="2" falsecount="0"/>
        <line num="11" count="4" type="stmt"/>
        <line num="13" count="23" type="cond" truecount="4" falsecount="0"/>
        <line num="14" count="14" type="stmt"/>
        <line num="16" count="23" type="cond" truecount="2" falsecount="0"/>
        <line num="17" count="13" type="stmt"/>
        <line num="19" count="23" type="stmt"/>
        <line num="20" count="23" type="stmt"/>
        <line num="23" count="46" type="stmt"/>
        <line num="30" count="7" type="stmt"/>
        <line num="41" count="7" type="stmt"/>
        <line num="54" count="7" type="stmt"/>
      </file>
      <file name="StepFinancial.jsx" path="C:\Users\Richard\curly-broccoli\frontend\src\components\steps\StepFinancial.jsx">
        <metrics statements="15" coveredstatements="15" conditionals="24" coveredconditionals="24" methods="5" coveredmethods="5"/>
        <line num="4" count="14" type="stmt"/>
        <line num="6" count="14" type="stmt"/>
        <line num="7" count="7" type="stmt"/>
        <line num="8" count="7" type="cond" truecount="2" falsecount="0"/>
        <line num="9" count="5" type="stmt"/>
        <line num="10" count="7" type="cond" truecount="2" falsecount="0"/>
        <line num="15" count="2" type="stmt"/>
        <line num="17" count="7" type="cond" truecount="2" falsecount="0"/>
        <line num="22" count="6" type="stmt"/>
        <line num="24" count="7" type="stmt"/>
        <line num="25" count="7" type="stmt"/>
        <line num="28" count="14" type="stmt"/>
        <line num="35" count="3" type="stmt"/>
        <line num="47" count="1" type="stmt"/>
        <line num="66" count="1" type="stmt"/>
      </file>
      <file name="StepGoals.jsx" path="C:\Users\Richard\curly-broccoli\frontend\src\components\steps\StepGoals.jsx">
        <metrics statements="14" coveredstatements="14" conditionals="28" coveredconditionals="26" methods="5" coveredmethods="5"/>
        <line num="4" count="18" type="stmt"/>
        <line num="6" count="18" type="stmt"/>
        <line num="7" count="9" type="stmt"/>
        <line num="8" count="9" type="cond" truecount="2" falsecount="0"/>
        <line num="9" count="9" type="cond" truecount="4" falsecount="0"/>
        <line num="10" count="3" type="stmt"/>
        <line num="11" count="9" type="cond" truecount="4" falsecount="0"/>
        <line num="12" count="7" type="stmt"/>
        <line num="14" count="9" type="stmt"/>
        <line num="15" count="9" type="stmt"/>
        <line num="23" count="18" type="stmt"/>
        <line num="30" count="1" type="cond" truecount="2" falsecount="0"/>
        <line num="49" count="4" type="stmt"/>
        <line num="66" count="2" type="stmt"/>
      </file>
      <file name="StepPersonal.jsx" path="C:\Users\Richard\curly-broccoli\frontend\src\components\steps\StepPersonal.jsx">
        <metrics statements="16" coveredstatements="16" conditionals="30" coveredconditionals="30" methods="7" coveredmethods="7"/>
        <line num="4" count="36" type="stmt"/>
        <line num="6" count="36" type="stmt"/>
        <line num="7" count="18" type="stmt"/>
        <line num="8" count="18" type="cond" truecount="2" falsecount="0"/>
        <line num="9" count="18" type="cond" truecount="2" falsecount="0"/>
        <line num="10" count="18" type="cond" truecount="2" falsecount="0"/>
        <line num="11" count="18" type="cond" truecount="2" falsecount="0"/>
        <line num="12" count="18" type="cond" truecount="2" falsecount="0"/>
        <line num="13" count="18" type="stmt"/>
        <line num="14" count="18" type="stmt"/>
        <line num="17" count="36" type="stmt"/>
        <line num="23" count="4" type="stmt"/>
        <line num="35" count="3" type="stmt"/>
        <line num="48" count="1" type="stmt"/>
        <line num="58" count="4" type="stmt"/>
        <line num="70" count="4" type="stmt"/>
      </file>
      <file name="StepQuestionnaire.jsx" path="C:\Users\Richard\curly-broccoli\frontend\src\components\steps\StepQuestionnaire.jsx">
        <metrics statements="14" coveredstatements="12" conditionals="6" coveredconditionals="5" methods="8" coveredmethods="8"/>
        <line num="5" count="10" type="cond" truecount="2" falsecount="0"/>
        <line num="7" count="10" type="stmt"/>
        <line num="8" count="8" type="stmt"/>
        <line num="9" count="8" type="stmt"/>
        <line num="10" count="8" type="stmt"/>
        <line num="13" count="10" type="stmt"/>
        <line num="17" count="80" type="stmt"/>
        <line num="20" count="400" type="stmt"/>
        <line num="26" count="8" type="stmt"/>
        <line num="36" count="50" type="stmt"/>
        <line num="43" count="8" type="cond" truecount="3" falsecount="1"/>
        <line num="44" count="0" type="stmt"/>
        <line num="45" count="0" type="stmt"/>
        <line num="47" count="1" type="stmt"/>
      </file>
      <file name="StepSummary.jsx" path="C:\Users\Richard\curly-broccoli\frontend\src\components\steps\StepSummary.jsx">
        <metrics statements="6" coveredstatements="6" conditionals="4" coveredconditionals="3" methods="3" coveredmethods="3"/>
        <line num="6" count="3" type="stmt"/>
        <line num="8" count="3" type="stmt"/>
        <line num="23" count="24" type="stmt"/>
        <line num="40" count="1" type="stmt"/>
        <line num="41" count="1" type="cond" truecount="1" falsecount="1"/>
        <line num="42" count="1" type="stmt"/>
      </file>
      <file name="risk-config.js" path="C:\Users\Richard\curly-broccoli\frontend\src\components\steps\risk-config.js">
        <metrics statements="2" coveredstatements="2" conditionals="0" coveredconditionals="0" methods="0" coveredmethods="0"/>
        <line num="2" count="3" type="stmt"/>
        <line num="13" count="3" type="stmt"/>
      </file>
    </package>
  </project>
</coverage>
