{"C:\\Users\\Richard\\curly-broccoli\\frontend\\src\\App.js": {"path":"C:\\Users\\Richard\\curly-broccoli\\frontend\\src\\App.js","statementMap":{"0":{"start":{"line":6,"column":2},"end":{"line":18,"column":4}}},"fnMap":{"0":{"name":"App","decl":{"start":{"line":5,"column":9},"end":{"line":5,"column":12}},"loc":{"start":{"line":5,"column":15},"end":{"line":19,"column":1}},"line":5}},"branchMap":{},"s":{"0":0},"f":{"0":0},"b":{}}
,"C:\\Users\\Richard\\curly-broccoli\\frontend\\src\\index.js": {"path":"C:\\Users\\Richard\\curly-broccoli\\frontend\\src\\index.js","statementMap":{"0":{"start":{"line":7,"column":13},"end":{"line":7,"column":65}},"1":{"start":{"line":8,"column":0},"end":{"line":15,"column":2}}},"fnMap":{},"branchMap":{},"s":{"0":0,"1":0},"f":{},"b":{}}
,"C:\\Users\\Richard\\curly-broccoli\\frontend\\src\\components\\Dashboard.jsx": {"path":"C:\\Users\\Richard\\curly-broccoli\\frontend\\src\\components\\Dashboard.jsx","statementMap":{"0":{"start":{"line":4,"column":2},"end":{"line":9,"column":4}}},"fnMap":{"0":{"name":"Dashboard","decl":{"start":{"line":3,"column":24},"end":{"line":3,"column":33}},"loc":{"start":{"line":3,"column":36},"end":{"line":10,"column":1}},"line":3}},"branchMap":{},"s":{"0":0},"f":{"0":0},"b":{}}
,"C:\\Users\\Richard\\curly-broccoli\\frontend\\src\\components\\Onboarding.js": {"path":"C:\\Users\\Richard\\curly-broccoli\\frontend\\src\\components\\Onboarding.js","statementMap":{"0":{"start":{"line":3,"column":14},"end":{"line":3,"column":70}},"1":{"start":{"line":6,"column":26},"end":{"line":6,"column":37}},"2":{"start":{"line":7,"column":26},"end":{"line":7,"column":38}},"3":{"start":{"line":9,"column":15},"end":{"line":9,"column":66}},"4":{"start":{"line":9,"column":21},"end":{"line":9,"column":66}},"5":{"start":{"line":10,"column":15},"end":{"line":10,"column":51}},"6":{"start":{"line":10,"column":21},"end":{"line":10,"column":51}},"7":{"start":{"line":12,"column":17},"end":{"line":12,"column":77}},"8":{"start":{"line":12,"column":24},"end":{"line":12,"column":77}},"9":{"start":{"line":14,"column":2},"end":{"line":86,"column":4}}},"fnMap":{"0":{"name":"Onboarding","decl":{"start":{"line":5,"column":24},"end":{"line":5,"column":34}},"loc":{"start":{"line":5,"column":37},"end":{"line":87,"column":1}},"line":5},"1":{"name":"(anonymous_1)","decl":{"start":{"line":9,"column":15},"end":{"line":9,"column":16}},"loc":{"start":{"line":9,"column":21},"end":{"line":9,"column":66}},"line":9},"2":{"name":"(anonymous_2)","decl":{"start":{"line":10,"column":15},"end":{"line":10,"column":16}},"loc":{"start":{"line":10,"column":21},"end":{"line":10,"column":51}},"line":10},"3":{"name":"(anonymous_3)","decl":{"start":{"line":12,"column":17},"end":{"line":12,"column":18}},"loc":{"start":{"line":12,"column":24},"end":{"line":12,"column":77}},"line":12}},"branchMap":{"0":{"loc":{"start":{"line":17,"column":7},"end":{"line":32,"column":7}},"type":"binary-expr","locations":[{"start":{"line":17,"column":7},"end":{"line":17,"column":17}},{"start":{"line":18,"column":8},"end":{"line":31,"column":14}}],"line":17},"1":{"loc":{"start":{"line":33,"column":7},"end":{"line":48,"column":7}},"type":"binary-expr","locations":[{"start":{"line":33,"column":7},"end":{"line":33,"column":17}},{"start":{"line":34,"column":8},"end":{"line":47,"column":14}}],"line":33},"2":{"loc":{"start":{"line":49,"column":7},"end":{"line":58,"column":7}},"type":"binary-expr","locations":[{"start":{"line":49,"column":7},"end":{"line":49,"column":17}},{"start":{"line":50,"column":8},"end":{"line":57,"column":14}}],"line":49},"3":{"loc":{"start":{"line":59,"column":7},"end":{"line":63,"column":7}},"type":"binary-expr","locations":[{"start":{"line":59,"column":7},"end":{"line":59,"column":17}},{"start":{"line":60,"column":8},"end":{"line":62,"column":14}}],"line":59},"4":{"loc":{"start":{"line":72,"column":9},"end":{"line":83,"column":9}},"type":"cond-expr","locations":[{"start":{"line":73,"column":10},"end":{"line":78,"column":19}},{"start":{"line":80,"column":10},"end":{"line":82,"column":19}}],"line":72}},"s":{"0":0,"1":0,"2":0,"3":0,"4":0,"5":0,"6":0,"7":0,"8":0,"9":0},"f":{"0":0,"1":0,"2":0,"3":0},"b":{"0":[0,0],"1":[0,0],"2":[0,0],"3":[0,0],"4":[0,0]}}
,"C:\\Users\\Richard\\curly-broccoli\\frontend\\src\\components\\OnboardingWizard.jsx": {"path":"C:\\Users\\Richard\\curly-broccoli\\frontend\\src\\components\\OnboardingWizard.jsx","statementMap":{"0":{"start":{"line":11,"column":14},"end":{"line":18,"column":1}},"1":{"start":{"line":21,"column":19},"end":{"line":21,"column":32}},"2":{"start":{"line":22,"column":32},"end":{"line":22,"column":43}},"3":{"start":{"line":23,"column":26},"end":{"line":26,"column":4}},"4":{"start":{"line":25,"column":44},"end":{"line":25,"column":45}},"5":{"start":{"line":27,"column":28},"end":{"line":27,"column":40}},"6":{"start":{"line":28,"column":36},"end":{"line":28,"column":50}},"7":{"start":{"line":29,"column":15},"end":{"line":29,"column":31}},"8":{"start":{"line":31,"column":2},"end":{"line":35,"column":3}},"9":{"start":{"line":32,"column":4},"end":{"line":32,"column":73}},"10":{"start":{"line":34,"column":4},"end":{"line":34,"column":44}},"11":{"start":{"line":36,"column":19},"end":{"line":36,"column":68}},"12":{"start":{"line":38,"column":17},"end":{"line":38,"column":72}},"13":{"start":{"line":38,"column":29},"end":{"line":38,"column":72}},"14":{"start":{"line":38,"column":48},"end":{"line":38,"column":70}},"15":{"start":{"line":39,"column":23},"end":{"line":42,"column":3}},"16":{"start":{"line":40,"column":11},"end":{"line":40,"column":58}},"17":{"start":{"line":40,"column":31},"end":{"line":40,"column":56}},"18":{"start":{"line":43,"column":15},"end":{"line":43,"column":61}},"19":{"start":{"line":43,"column":21},"end":{"line":43,"column":61}},"20":{"start":{"line":43,"column":39},"end":{"line":43,"column":60}},"21":{"start":{"line":44,"column":15},"end":{"line":44,"column":58}},"22":{"start":{"line":44,"column":21},"end":{"line":44,"column":58}},"23":{"start":{"line":44,"column":39},"end":{"line":44,"column":57}},"24":{"start":{"line":46,"column":23},"end":{"line":96,"column":3}},"25":{"start":{"line":47,"column":4},"end":{"line":95,"column":5}},"26":{"start":{"line":48,"column":18},"end":{"line":66,"column":8}},"27":{"start":{"line":64,"column":55},"end":{"line":64,"column":64}},"28":{"start":{"line":67,"column":6},"end":{"line":77,"column":7}},"29":{"start":{"line":68,"column":22},"end":{"line":68,"column":36}},"30":{"start":{"line":69,"column":8},"end":{"line":74,"column":9}},"31":{"start":{"line":70,"column":22},"end":{"line":70,"column":38}},"32":{"start":{"line":71,"column":10},"end":{"line":71,"column":57}},"33":{"start":{"line":75,"column":8},"end":{"line":75,"column":48}},"34":{"start":{"line":76,"column":8},"end":{"line":76,"column":21}},"35":{"start":{"line":79,"column":6},"end":{"line":85,"column":7}},"36":{"start":{"line":80,"column":8},"end":{"line":80,"column":70}},"37":{"start":{"line":82,"column":8},"end":{"line":82,"column":60}},"38":{"start":{"line":83,"column":8},"end":{"line":83,"column":69}},"39":{"start":{"line":84,"column":8},"end":{"line":84,"column":21}},"40":{"start":{"line":86,"column":6},"end":{"line":86,"column":48}},"41":{"start":{"line":87,"column":6},"end":{"line":87,"column":49}},"42":{"start":{"line":88,"column":6},"end":{"line":88,"column":18}},"43":{"start":{"line":90,"column":6},"end":{"line":90,"column":56}},"44":{"start":{"line":91,"column":6},"end":{"line":93,"column":8}},"45":{"start":{"line":94,"column":6},"end":{"line":94,"column":19}},"46":{"start":{"line":98,"column":24},"end":{"line":98,"column":48}},"47":{"start":{"line":100,"column":2},"end":{"line":159,"column":4}},"48":{"start":{"line":105,"column":10},"end":{"line":116,"column":16}}},"fnMap":{"0":{"name":"OnboardingWizard","decl":{"start":{"line":20,"column":24},"end":{"line":20,"column":40}},"loc":{"start":{"line":20,"column":43},"end":{"line":160,"column":1}},"line":20},"1":{"name":"(anonymous_1)","decl":{"start":{"line":25,"column":38},"end":{"line":25,"column":39}},"loc":{"start":{"line":25,"column":44},"end":{"line":25,"column":45}},"line":25},"2":{"name":"(anonymous_2)","decl":{"start":{"line":38,"column":17},"end":{"line":38,"column":18}},"loc":{"start":{"line":38,"column":29},"end":{"line":38,"column":72}},"line":38},"3":{"name":"(anonymous_3)","decl":{"start":{"line":38,"column":37},"end":{"line":38,"column":38}},"loc":{"start":{"line":38,"column":48},"end":{"line":38,"column":70}},"line":38},"4":{"name":"(anonymous_4)","decl":{"start":{"line":40,"column":4},"end":{"line":40,"column":5}},"loc":{"start":{"line":40,"column":11},"end":{"line":40,"column":58}},"line":40},"5":{"name":"(anonymous_5)","decl":{"start":{"line":40,"column":20},"end":{"line":40,"column":21}},"loc":{"start":{"line":40,"column":31},"end":{"line":40,"column":56}},"line":40},"6":{"name":"(anonymous_6)","decl":{"start":{"line":43,"column":15},"end":{"line":43,"column":16}},"loc":{"start":{"line":43,"column":21},"end":{"line":43,"column":61}},"line":43},"7":{"name":"(anonymous_7)","decl":{"start":{"line":43,"column":32},"end":{"line":43,"column":33}},"loc":{"start":{"line":43,"column":39},"end":{"line":43,"column":60}},"line":43},"8":{"name":"(anonymous_8)","decl":{"start":{"line":44,"column":15},"end":{"line":44,"column":16}},"loc":{"start":{"line":44,"column":21},"end":{"line":44,"column":58}},"line":44},"9":{"name":"(anonymous_9)","decl":{"start":{"line":44,"column":32},"end":{"line":44,"column":33}},"loc":{"start":{"line":44,"column":39},"end":{"line":44,"column":57}},"line":44},"10":{"name":"(anonymous_10)","decl":{"start":{"line":46,"column":23},"end":{"line":46,"column":24}},"loc":{"start":{"line":46,"column":35},"end":{"line":96,"column":3}},"line":46},"11":{"name":"(anonymous_11)","decl":{"start":{"line":64,"column":48},"end":{"line":64,"column":49}},"loc":{"start":{"line":64,"column":55},"end":{"line":64,"column":64}},"line":64},"12":{"name":"(anonymous_12)","decl":{"start":{"line":104,"column":19},"end":{"line":104,"column":20}},"loc":{"start":{"line":105,"column":10},"end":{"line":116,"column":16}},"line":105}},"branchMap":{"0":{"loc":{"start":{"line":36,"column":19},"end":{"line":36,"column":68}},"type":"cond-expr","locations":[{"start":{"line":36,"column":56},"end":{"line":36,"column":63}},{"start":{"line":36,"column":66},"end":{"line":36,"column":68}}],"line":36},"1":{"loc":{"start":{"line":36,"column":19},"end":{"line":36,"column":53}},"type":"binary-expr","locations":[{"start":{"line":36,"column":19},"end":{"line":36,"column":26}},{"start":{"line":36,"column":30},"end":{"line":36,"column":53}}],"line":36},"2":{"loc":{"start":{"line":67,"column":6},"end":{"line":77,"column":7}},"type":"if","locations":[{"start":{"line":67,"column":6},"end":{"line":77,"column":7}},{"start":{},"end":{}}],"line":67},"3":{"loc":{"start":{"line":71,"column":20},"end":{"line":71,"column":56}},"type":"binary-expr","locations":[{"start":{"line":71,"column":20},"end":{"line":71,"column":30}},{"start":{"line":71,"column":34},"end":{"line":71,"column":45}},{"start":{"line":71,"column":49},"end":{"line":71,"column":56}}],"line":71},"4":{"loc":{"start":{"line":108,"column":16},"end":{"line":110,"column":60}},"type":"cond-expr","locations":[{"start":{"line":109,"column":20},"end":{"line":109,"column":45}},{"start":{"line":110,"column":20},"end":{"line":110,"column":60}}],"line":108},"5":{"loc":{"start":{"line":121,"column":7},"end":{"line":123,"column":7}},"type":"binary-expr","locations":[{"start":{"line":121,"column":7},"end":{"line":121,"column":19}},{"start":{"line":122,"column":8},"end":{"line":122,"column":77}}],"line":121},"6":{"loc":{"start":{"line":126,"column":7},"end":{"line":128,"column":7}},"type":"binary-expr","locations":[{"start":{"line":126,"column":7},"end":{"line":126,"column":20}},{"start":{"line":127,"column":8},"end":{"line":127,"column":69}}],"line":126},"7":{"loc":{"start":{"line":131,"column":7},"end":{"line":137,"column":7}},"type":"binary-expr","locations":[{"start":{"line":131,"column":7},"end":{"line":131,"column":20}},{"start":{"line":132,"column":8},"end":{"line":136,"column":10}}],"line":131},"8":{"loc":{"start":{"line":140,"column":7},"end":{"line":157,"column":7}},"type":"binary-expr","locations":[{"start":{"line":140,"column":7},"end":{"line":140,"column":19}},{"start":{"line":141,"column":8},"end":{"line":156,"column":14}}],"line":140}},"s":{"0":1,"1":117,"2":117,"3":117,"4":936,"5":117,"6":117,"7":117,"8":117,"9":117,"10":117,"11":117,"12":117,"13":57,"14":57,"15":117,"16":53,"17":53,"18":117,"19":5,"20":5,"21":117,"22":0,"23":0,"24":117,"25":1,"26":1,"27":8,"28":1,"29":0,"30":0,"31":0,"32":0,"33":0,"34":0,"35":1,"36":1,"37":0,"38":0,"39":0,"40":1,"41":1,"42":1,"43":0,"44":0,"45":0,"46":117,"47":117,"48":702},"f":{"0":117,"1":936,"2":57,"3":57,"4":53,"5":53,"6":5,"7":5,"8":0,"9":0,"10":1,"11":8,"12":702},"b":{"0":[117,0],"1":[117,117],"2":[0,1],"3":[0,0,0],"4":[117,585],"5":[117,106],"6":[117,9],"7":[117,2],"8":[117,106]},"_coverageSchema":"1a1c01bbd47fc00a2c39e90264f33305004495a9","hash":"9583f282b139c303b23bd48e0cd19cbe4ffa8231"}
,"C:\\Users\\Richard\\curly-broccoli\\frontend\\src\\components\\steps\\StepAccount.jsx": {"path":"C:\\Users\\Richard\\curly-broccoli\\frontend\\src\\components\\steps\\StepAccount.jsx","statementMap":{"0":{"start":{"line":4,"column":30},"end":{"line":4,"column":42}},"1":{"start":{"line":6,"column":2},"end":{"line":21,"column":23}},"2":{"start":{"line":7,"column":17},"end":{"line":7,"column":19}},"3":{"start":{"line":8,"column":4},"end":{"line":12,"column":5}},"4":{"start":{"line":9,"column":6},"end":{"line":9,"column":39}},"5":{"start":{"line":10,"column":11},"end":{"line":12,"column":5}},"6":{"start":{"line":11,"column":6},"end":{"line":11,"column":35}},"7":{"start":{"line":13,"column":4},"end":{"line":15,"column":5}},"8":{"start":{"line":14,"column":6},"end":{"line":14,"column":63}},"9":{"start":{"line":16,"column":4},"end":{"line":18,"column":5}},"10":{"start":{"line":17,"column":6},"end":{"line":17,"column":52}},"11":{"start":{"line":19,"column":4},"end":{"line":19,"column":20}},"12":{"start":{"line":20,"column":4},"end":{"line":20,"column":45}},"13":{"start":{"line":23,"column":2},"end":{"line":63,"column":4}},"14":{"start":{"line":30,"column":27},"end":{"line":30,"column":60}},"15":{"start":{"line":41,"column":27},"end":{"line":41,"column":63}},"16":{"start":{"line":54,"column":27},"end":{"line":54,"column":70}}},"fnMap":{"0":{"name":"StepAccount","decl":{"start":{"line":3,"column":24},"end":{"line":3,"column":35}},"loc":{"start":{"line":3,"column":64},"end":{"line":64,"column":1}},"line":3},"1":{"name":"(anonymous_1)","decl":{"start":{"line":6,"column":12},"end":{"line":6,"column":13}},"loc":{"start":{"line":6,"column":18},"end":{"line":21,"column":3}},"line":6},"2":{"name":"(anonymous_2)","decl":{"start":{"line":30,"column":20},"end":{"line":30,"column":21}},"loc":{"start":{"line":30,"column":27},"end":{"line":30,"column":60}},"line":30},"3":{"name":"(anonymous_3)","decl":{"start":{"line":41,"column":20},"end":{"line":41,"column":21}},"loc":{"start":{"line":41,"column":27},"end":{"line":41,"column":63}},"line":41},"4":{"name":"(anonymous_4)","decl":{"start":{"line":54,"column":20},"end":{"line":54,"column":21}},"loc":{"start":{"line":54,"column":27},"end":{"line":54,"column":70}},"line":54}},"branchMap":{"0":{"loc":{"start":{"line":8,"column":4},"end":{"line":12,"column":5}},"type":"if","locations":[{"start":{"line":8,"column":4},"end":{"line":12,"column":5}},{"start":{"line":10,"column":11},"end":{"line":12,"column":5}}],"line":8},"1":{"loc":{"start":{"line":10,"column":11},"end":{"line":12,"column":5}},"type":"if","locations":[{"start":{"line":10,"column":11},"end":{"line":12,"column":5}},{"start":{},"end":{}}],"line":10},"2":{"loc":{"start":{"line":13,"column":4},"end":{"line":15,"column":5}},"type":"if","locations":[{"start":{"line":13,"column":4},"end":{"line":15,"column":5}},{"start":{},"end":{}}],"line":13},"3":{"loc":{"start":{"line":13,"column":8},"end":{"line":13,"column":50}},"type":"binary-expr","locations":[{"start":{"line":13,"column":8},"end":{"line":13,"column":22}},{"start":{"line":13,"column":26},"end":{"line":13,"column":50}}],"line":13},"4":{"loc":{"start":{"line":16,"column":4},"end":{"line":18,"column":5}},"type":"if","locations":[{"start":{"line":16,"column":4},"end":{"line":18,"column":5}},{"start":{},"end":{}}],"line":16},"5":{"loc":{"start":{"line":29,"column":17},"end":{"line":29,"column":33}},"type":"binary-expr","locations":[{"start":{"line":29,"column":17},"end":{"line":29,"column":27}},{"start":{"line":29,"column":31},"end":{"line":29,"column":33}}],"line":29},"6":{"loc":{"start":{"line":34,"column":9},"end":{"line":34,"column":79}},"type":"binary-expr","locations":[{"start":{"line":34,"column":9},"end":{"line":34,"column":21}},{"start":{"line":34,"column":25},"end":{"line":34,"column":79}}],"line":34},"7":{"loc":{"start":{"line":40,"column":17},"end":{"line":40,"column":36}},"type":"binary-expr","locations":[{"start":{"line":40,"column":17},"end":{"line":40,"column":30}},{"start":{"line":40,"column":34},"end":{"line":40,"column":36}}],"line":40},"8":{"loc":{"start":{"line":45,"column":9},"end":{"line":47,"column":9}},"type":"binary-expr","locations":[{"start":{"line":45,"column":9},"end":{"line":45,"column":24}},{"start":{"line":46,"column":10},"end":{"line":46,"column":67}}],"line":45},"9":{"loc":{"start":{"line":53,"column":17},"end":{"line":53,"column":43}},"type":"binary-expr","locations":[{"start":{"line":53,"column":17},"end":{"line":53,"column":37}},{"start":{"line":53,"column":41},"end":{"line":53,"column":43}}],"line":53},"10":{"loc":{"start":{"line":58,"column":9},"end":{"line":60,"column":9}},"type":"binary-expr","locations":[{"start":{"line":58,"column":9},"end":{"line":58,"column":31}},{"start":{"line":59,"column":10},"end":{"line":59,"column":74}}],"line":58}},"s":{"0":46,"1":46,"2":23,"3":23,"4":2,"5":21,"6":4,"7":23,"8":14,"9":23,"10":13,"11":23,"12":23,"13":46,"14":7,"15":7,"16":7},"f":{"0":46,"1":23,"2":7,"3":7,"4":7},"b":{"0":[2,21],"1":[4,17],"2":[14,9],"3":[23,14],"4":[13,10],"5":[46,4],"6":[46,11],"7":[46,18],"8":[46,27],"9":[46,32],"10":[46,26]},"_coverageSchema":"1a1c01bbd47fc00a2c39e90264f33305004495a9","hash":"a0751f6b6dacafe599f4742b5b4bfbe1b4be22df"}
,"C:\\Users\\Richard\\curly-broccoli\\frontend\\src\\components\\steps\\StepFinancial.jsx": {"path":"C:\\Users\\Richard\\curly-broccoli\\frontend\\src\\components\\steps\\StepFinancial.jsx","statementMap":{"0":{"start":{"line":4,"column":30},"end":{"line":4,"column":42}},"1":{"start":{"line":6,"column":2},"end":{"line":26,"column":76}},"2":{"start":{"line":7,"column":17},"end":{"line":7,"column":19}},"3":{"start":{"line":8,"column":4},"end":{"line":9,"column":62}},"4":{"start":{"line":9,"column":6},"end":{"line":9,"column":62}},"5":{"start":{"line":10,"column":4},"end":{"line":16,"column":5}},"6":{"start":{"line":15,"column":6},"end":{"line":15,"column":53}},"7":{"start":{"line":17,"column":4},"end":{"line":23,"column":5}},"8":{"start":{"line":22,"column":6},"end":{"line":22,"column":55}},"9":{"start":{"line":24,"column":4},"end":{"line":24,"column":20}},"10":{"start":{"line":25,"column":4},"end":{"line":25,"column":45}},"11":{"start":{"line":28,"column":2},"end":{"line":75,"column":4}},"12":{"start":{"line":35,"column":27},"end":{"line":35,"column":67}},"13":{"start":{"line":47,"column":27},"end":{"line":47,"column":71}},"14":{"start":{"line":66,"column":27},"end":{"line":66,"column":65}}},"fnMap":{"0":{"name":"StepFinancial","decl":{"start":{"line":3,"column":24},"end":{"line":3,"column":37}},"loc":{"start":{"line":3,"column":66},"end":{"line":76,"column":1}},"line":3},"1":{"name":"(anonymous_1)","decl":{"start":{"line":6,"column":12},"end":{"line":6,"column":13}},"loc":{"start":{"line":6,"column":18},"end":{"line":26,"column":3}},"line":6},"2":{"name":"(anonymous_2)","decl":{"start":{"line":35,"column":20},"end":{"line":35,"column":21}},"loc":{"start":{"line":35,"column":27},"end":{"line":35,"column":67}},"line":35},"3":{"name":"(anonymous_3)","decl":{"start":{"line":47,"column":20},"end":{"line":47,"column":21}},"loc":{"start":{"line":47,"column":27},"end":{"line":47,"column":71}},"line":47},"4":{"name":"(anonymous_4)","decl":{"start":{"line":66,"column":20},"end":{"line":66,"column":21}},"loc":{"start":{"line":66,"column":27},"end":{"line":66,"column":65}},"line":66}},"branchMap":{"0":{"loc":{"start":{"line":8,"column":4},"end":{"line":9,"column":62}},"type":"if","locations":[{"start":{"line":8,"column":4},"end":{"line":9,"column":62}},{"start":{},"end":{}}],"line":8},"1":{"loc":{"start":{"line":10,"column":4},"end":{"line":16,"column":5}},"type":"if","locations":[{"start":{"line":10,"column":4},"end":{"line":16,"column":5}},{"start":{},"end":{}}],"line":10},"2":{"loc":{"start":{"line":11,"column":6},"end":{"line":13,"column":35}},"type":"binary-expr","locations":[{"start":{"line":11,"column":6},"end":{"line":11,"column":37}},{"start":{"line":12,"column":6},"end":{"line":12,"column":30}},{"start":{"line":13,"column":6},"end":{"line":13,"column":35}}],"line":11},"3":{"loc":{"start":{"line":17,"column":4},"end":{"line":23,"column":5}},"type":"if","locations":[{"start":{"line":17,"column":4},"end":{"line":23,"column":5}},{"start":{},"end":{}}],"line":17},"4":{"loc":{"start":{"line":18,"column":6},"end":{"line":20,"column":33}},"type":"binary-expr","locations":[{"start":{"line":18,"column":6},"end":{"line":18,"column":35}},{"start":{"line":19,"column":6},"end":{"line":19,"column":28}},{"start":{"line":20,"column":6},"end":{"line":20,"column":33}}],"line":18},"5":{"loc":{"start":{"line":34,"column":17},"end":{"line":34,"column":40}},"type":"binary-expr","locations":[{"start":{"line":34,"column":17},"end":{"line":34,"column":34}},{"start":{"line":34,"column":38},"end":{"line":34,"column":40}}],"line":34},"6":{"loc":{"start":{"line":39,"column":9},"end":{"line":41,"column":9}},"type":"binary-expr","locations":[{"start":{"line":39,"column":9},"end":{"line":39,"column":28}},{"start":{"line":40,"column":10},"end":{"line":40,"column":71}}],"line":39},"7":{"loc":{"start":{"line":46,"column":17},"end":{"line":46,"column":44}},"type":"binary-expr","locations":[{"start":{"line":46,"column":17},"end":{"line":46,"column":38}},{"start":{"line":46,"column":42},"end":{"line":46,"column":44}}],"line":46},"8":{"loc":{"start":{"line":57,"column":9},"end":{"line":59,"column":9}},"type":"binary-expr","locations":[{"start":{"line":57,"column":9},"end":{"line":57,"column":32}},{"start":{"line":58,"column":10},"end":{"line":58,"column":75}}],"line":57},"9":{"loc":{"start":{"line":65,"column":17},"end":{"line":65,"column":38}},"type":"binary-expr","locations":[{"start":{"line":65,"column":17},"end":{"line":65,"column":32}},{"start":{"line":65,"column":36},"end":{"line":65,"column":38}}],"line":65},"10":{"loc":{"start":{"line":70,"column":9},"end":{"line":72,"column":9}},"type":"binary-expr","locations":[{"start":{"line":70,"column":9},"end":{"line":70,"column":26}},{"start":{"line":71,"column":10},"end":{"line":71,"column":69}}],"line":70}},"s":{"0":14,"1":14,"2":7,"3":7,"4":5,"5":7,"6":2,"7":7,"8":6,"9":7,"10":7,"11":14,"12":3,"13":1,"14":1},"f":{"0":14,"1":7,"2":3,"3":1,"4":1},"b":{"0":[5,2],"1":[2,5],"2":[7,5,5],"3":[6,1],"4":[7,1,1],"5":[14,4],"6":[14,3],"7":[14,10],"8":[14,9],"9":[14,12],"10":[14,11]},"_coverageSchema":"1a1c01bbd47fc00a2c39e90264f33305004495a9","hash":"0d4c73ec13165c8ba216cb0a9b16d91f9a11c4bb"}
,"C:\\Users\\Richard\\curly-broccoli\\frontend\\src\\components\\steps\\StepGoals.jsx": {"path":"C:\\Users\\Richard\\curly-broccoli\\frontend\\src\\components\\steps\\StepGoals.jsx","statementMap":{"0":{"start":{"line":4,"column":30},"end":{"line":4,"column":42}},"1":{"start":{"line":6,"column":2},"end":{"line":21,"column":5}},"2":{"start":{"line":7,"column":17},"end":{"line":7,"column":19}},"3":{"start":{"line":8,"column":4},"end":{"line":8,"column":67}},"4":{"start":{"line":8,"column":27},"end":{"line":8,"column":67}},"5":{"start":{"line":9,"column":4},"end":{"line":10,"column":58}},"6":{"start":{"line":10,"column":6},"end":{"line":10,"column":58}},"7":{"start":{"line":11,"column":4},"end":{"line":12,"column":63}},"8":{"start":{"line":12,"column":6},"end":{"line":12,"column":63}},"9":{"start":{"line":14,"column":4},"end":{"line":14,"column":20}},"10":{"start":{"line":15,"column":4},"end":{"line":15,"column":45}},"11":{"start":{"line":23,"column":2},"end":{"line":78,"column":4}},"12":{"start":{"line":30,"column":12},"end":{"line":30,"column":78}},"13":{"start":{"line":49,"column":12},"end":{"line":51,"column":14}},"14":{"start":{"line":66,"column":12},"end":{"line":68,"column":14}}},"fnMap":{"0":{"name":"StepGoals","decl":{"start":{"line":3,"column":24},"end":{"line":3,"column":33}},"loc":{"start":{"line":3,"column":62},"end":{"line":79,"column":1}},"line":3},"1":{"name":"(anonymous_1)","decl":{"start":{"line":6,"column":12},"end":{"line":6,"column":13}},"loc":{"start":{"line":6,"column":18},"end":{"line":16,"column":3}},"line":6},"2":{"name":"(anonymous_2)","decl":{"start":{"line":29,"column":20},"end":{"line":29,"column":21}},"loc":{"start":{"line":30,"column":12},"end":{"line":30,"column":78}},"line":30},"3":{"name":"(anonymous_3)","decl":{"start":{"line":48,"column":20},"end":{"line":48,"column":21}},"loc":{"start":{"line":49,"column":12},"end":{"line":51,"column":14}},"line":49},"4":{"name":"(anonymous_4)","decl":{"start":{"line":65,"column":20},"end":{"line":65,"column":21}},"loc":{"start":{"line":66,"column":12},"end":{"line":68,"column":14}},"line":66}},"branchMap":{"0":{"loc":{"start":{"line":8,"column":4},"end":{"line":8,"column":67}},"type":"if","locations":[{"start":{"line":8,"column":4},"end":{"line":8,"column":67}},{"start":{},"end":{}}],"line":8},"1":{"loc":{"start":{"line":9,"column":4},"end":{"line":10,"column":58}},"type":"if","locations":[{"start":{"line":9,"column":4},"end":{"line":10,"column":58}},{"start":{},"end":{}}],"line":9},"2":{"loc":{"start":{"line":9,"column":8},"end":{"line":9,"column":73}},"type":"binary-expr","locations":[{"start":{"line":9,"column":8},"end":{"line":9,"column":33}},{"start":{"line":9,"column":37},"end":{"line":9,"column":73}}],"line":9},"3":{"loc":{"start":{"line":11,"column":4},"end":{"line":12,"column":63}},"type":"if","locations":[{"start":{"line":11,"column":4},"end":{"line":12,"column":63}},{"start":{},"end":{}}],"line":11},"4":{"loc":{"start":{"line":11,"column":8},"end":{"line":11,"column":71}},"type":"binary-expr","locations":[{"start":{"line":11,"column":8},"end":{"line":11,"column":32}},{"start":{"line":11,"column":36},"end":{"line":11,"column":71}}],"line":11},"5":{"loc":{"start":{"line":28,"column":17},"end":{"line":28,"column":39}},"type":"binary-expr","locations":[{"start":{"line":28,"column":17},"end":{"line":28,"column":33}},{"start":{"line":28,"column":37},"end":{"line":28,"column":39}}],"line":28},"6":{"loc":{"start":{"line":30,"column":34},"end":{"line":30,"column":50}},"type":"binary-expr","locations":[{"start":{"line":30,"column":34},"end":{"line":30,"column":44}},{"start":{"line":30,"column":48},"end":{"line":30,"column":50}}],"line":30},"7":{"loc":{"start":{"line":39,"column":9},"end":{"line":41,"column":9}},"type":"binary-expr","locations":[{"start":{"line":39,"column":9},"end":{"line":39,"column":24}},{"start":{"line":40,"column":10},"end":{"line":40,"column":67}}],"line":39},"8":{"loc":{"start":{"line":47,"column":17},"end":{"line":47,"column":47}},"type":"binary-expr","locations":[{"start":{"line":47,"column":17},"end":{"line":47,"column":41}},{"start":{"line":47,"column":45},"end":{"line":47,"column":47}}],"line":47},"9":{"loc":{"start":{"line":50,"column":27},"end":{"line":50,"column":43}},"type":"binary-expr","locations":[{"start":{"line":50,"column":27},"end":{"line":50,"column":37}},{"start":{"line":50,"column":41},"end":{"line":50,"column":43}}],"line":50},"10":{"loc":{"start":{"line":56,"column":9},"end":{"line":58,"column":9}},"type":"binary-expr","locations":[{"start":{"line":56,"column":9},"end":{"line":56,"column":28}},{"start":{"line":57,"column":10},"end":{"line":57,"column":71}}],"line":56},"11":{"loc":{"start":{"line":64,"column":17},"end":{"line":64,"column":46}},"type":"binary-expr","locations":[{"start":{"line":64,"column":17},"end":{"line":64,"column":40}},{"start":{"line":64,"column":44},"end":{"line":64,"column":46}}],"line":64},"12":{"loc":{"start":{"line":67,"column":27},"end":{"line":67,"column":43}},"type":"binary-expr","locations":[{"start":{"line":67,"column":27},"end":{"line":67,"column":37}},{"start":{"line":67,"column":41},"end":{"line":67,"column":43}}],"line":67},"13":{"loc":{"start":{"line":73,"column":9},"end":{"line":75,"column":9}},"type":"binary-expr","locations":[{"start":{"line":73,"column":9},"end":{"line":73,"column":27}},{"start":{"line":74,"column":10},"end":{"line":74,"column":70}}],"line":73}},"s":{"0":18,"1":18,"2":9,"3":9,"4":2,"5":9,"6":3,"7":9,"8":7,"9":9,"10":9,"11":18,"12":1,"13":4,"14":2},"f":{"0":18,"1":9,"2":1,"3":4,"4":2},"b":{"0":[2,7],"1":[3,6],"2":[9,6],"3":[7,2],"4":[9,2],"5":[18,4],"6":[1,1],"7":[18,3],"8":[18,6],"9":[4,0],"10":[18,5],"11":[18,14],"12":[2,0],"13":[18,13]},"_coverageSchema":"1a1c01bbd47fc00a2c39e90264f33305004495a9","hash":"1d2c829ccf54d38f390318344b18bdc5c4f9a847"}
,"C:\\Users\\Richard\\curly-broccoli\\frontend\\src\\components\\steps\\StepPersonal.jsx": {"path":"C:\\Users\\Richard\\curly-broccoli\\frontend\\src\\components\\steps\\StepPersonal.jsx","statementMap":{"0":{"start":{"line":4,"column":30},"end":{"line":4,"column":42}},"1":{"start":{"line":6,"column":2},"end":{"line":15,"column":23}},"2":{"start":{"line":7,"column":17},"end":{"line":7,"column":19}},"3":{"start":{"line":8,"column":4},"end":{"line":8,"column":67}},"4":{"start":{"line":8,"column":25},"end":{"line":8,"column":67}},"5":{"start":{"line":9,"column":4},"end":{"line":9,"column":64}},"6":{"start":{"line":9,"column":24},"end":{"line":9,"column":64}},"7":{"start":{"line":10,"column":4},"end":{"line":10,"column":58}},"8":{"start":{"line":10,"column":19},"end":{"line":10,"column":58}},"9":{"start":{"line":11,"column":4},"end":{"line":11,"column":70}},"10":{"start":{"line":11,"column":26},"end":{"line":11,"column":70}},"11":{"start":{"line":12,"column":4},"end":{"line":12,"column":58}},"12":{"start":{"line":12,"column":22},"end":{"line":12,"column":58}},"13":{"start":{"line":13,"column":4},"end":{"line":13,"column":20}},"14":{"start":{"line":14,"column":4},"end":{"line":14,"column":45}},"15":{"start":{"line":17,"column":2},"end":{"line":79,"column":4}},"16":{"start":{"line":23,"column":27},"end":{"line":23,"column":64}},"17":{"start":{"line":35,"column":27},"end":{"line":35,"column":63}},"18":{"start":{"line":48,"column":27},"end":{"line":48,"column":58}},"19":{"start":{"line":58,"column":27},"end":{"line":58,"column":65}},"20":{"start":{"line":70,"column":27},"end":{"line":70,"column":61}}},"fnMap":{"0":{"name":"StepPersonal","decl":{"start":{"line":3,"column":24},"end":{"line":3,"column":36}},"loc":{"start":{"line":3,"column":65},"end":{"line":80,"column":1}},"line":3},"1":{"name":"(anonymous_1)","decl":{"start":{"line":6,"column":12},"end":{"line":6,"column":13}},"loc":{"start":{"line":6,"column":18},"end":{"line":15,"column":3}},"line":6},"2":{"name":"(anonymous_2)","decl":{"start":{"line":23,"column":20},"end":{"line":23,"column":21}},"loc":{"start":{"line":23,"column":27},"end":{"line":23,"column":64}},"line":23},"3":{"name":"(anonymous_3)","decl":{"start":{"line":35,"column":20},"end":{"line":35,"column":21}},"loc":{"start":{"line":35,"column":27},"end":{"line":35,"column":63}},"line":35},"4":{"name":"(anonymous_4)","decl":{"start":{"line":48,"column":20},"end":{"line":48,"column":21}},"loc":{"start":{"line":48,"column":27},"end":{"line":48,"column":58}},"line":48},"5":{"name":"(anonymous_5)","decl":{"start":{"line":58,"column":20},"end":{"line":58,"column":21}},"loc":{"start":{"line":58,"column":27},"end":{"line":58,"column":65}},"line":58},"6":{"name":"(anonymous_6)","decl":{"start":{"line":70,"column":20},"end":{"line":70,"column":21}},"loc":{"start":{"line":70,"column":27},"end":{"line":70,"column":61}},"line":70}},"branchMap":{"0":{"loc":{"start":{"line":8,"column":4},"end":{"line":8,"column":67}},"type":"if","locations":[{"start":{"line":8,"column":4},"end":{"line":8,"column":67}},{"start":{},"end":{}}],"line":8},"1":{"loc":{"start":{"line":9,"column":4},"end":{"line":9,"column":64}},"type":"if","locations":[{"start":{"line":9,"column":4},"end":{"line":9,"column":64}},{"start":{},"end":{}}],"line":9},"2":{"loc":{"start":{"line":10,"column":4},"end":{"line":10,"column":58}},"type":"if","locations":[{"start":{"line":10,"column":4},"end":{"line":10,"column":58}},{"start":{},"end":{}}],"line":10},"3":{"loc":{"start":{"line":11,"column":4},"end":{"line":11,"column":70}},"type":"if","locations":[{"start":{"line":11,"column":4},"end":{"line":11,"column":70}},{"start":{},"end":{}}],"line":11},"4":{"loc":{"start":{"line":12,"column":4},"end":{"line":12,"column":58}},"type":"if","locations":[{"start":{"line":12,"column":4},"end":{"line":12,"column":58}},{"start":{},"end":{}}],"line":12},"5":{"loc":{"start":{"line":22,"column":17},"end":{"line":22,"column":37}},"type":"binary-expr","locations":[{"start":{"line":22,"column":17},"end":{"line":22,"column":31}},{"start":{"line":22,"column":35},"end":{"line":22,"column":37}}],"line":22},"6":{"loc":{"start":{"line":27,"column":9},"end":{"line":29,"column":9}},"type":"binary-expr","locations":[{"start":{"line":27,"column":9},"end":{"line":27,"column":25}},{"start":{"line":28,"column":10},"end":{"line":28,"column":68}}],"line":27},"7":{"loc":{"start":{"line":34,"column":17},"end":{"line":34,"column":36}},"type":"binary-expr","locations":[{"start":{"line":34,"column":17},"end":{"line":34,"column":30}},{"start":{"line":34,"column":34},"end":{"line":34,"column":36}}],"line":34},"8":{"loc":{"start":{"line":39,"column":9},"end":{"line":41,"column":9}},"type":"binary-expr","locations":[{"start":{"line":39,"column":9},"end":{"line":39,"column":24}},{"start":{"line":40,"column":10},"end":{"line":40,"column":67}}],"line":39},"9":{"loc":{"start":{"line":47,"column":17},"end":{"line":47,"column":31}},"type":"binary-expr","locations":[{"start":{"line":47,"column":17},"end":{"line":47,"column":25}},{"start":{"line":47,"column":29},"end":{"line":47,"column":31}}],"line":47},"10":{"loc":{"start":{"line":52,"column":9},"end":{"line":52,"column":75}},"type":"binary-expr","locations":[{"start":{"line":52,"column":9},"end":{"line":52,"column":19}},{"start":{"line":52,"column":23},"end":{"line":52,"column":75}}],"line":52},"11":{"loc":{"start":{"line":57,"column":17},"end":{"line":57,"column":38}},"type":"binary-expr","locations":[{"start":{"line":57,"column":17},"end":{"line":57,"column":32}},{"start":{"line":57,"column":36},"end":{"line":57,"column":38}}],"line":57},"12":{"loc":{"start":{"line":62,"column":9},"end":{"line":64,"column":9}},"type":"binary-expr","locations":[{"start":{"line":62,"column":9},"end":{"line":62,"column":26}},{"start":{"line":63,"column":10},"end":{"line":63,"column":69}}],"line":62},"13":{"loc":{"start":{"line":69,"column":17},"end":{"line":69,"column":34}},"type":"binary-expr","locations":[{"start":{"line":69,"column":17},"end":{"line":69,"column":28}},{"start":{"line":69,"column":32},"end":{"line":69,"column":34}}],"line":69},"14":{"loc":{"start":{"line":74,"column":9},"end":{"line":76,"column":9}},"type":"binary-expr","locations":[{"start":{"line":74,"column":9},"end":{"line":74,"column":22}},{"start":{"line":75,"column":10},"end":{"line":75,"column":65}}],"line":74}},"s":{"0":36,"1":36,"2":18,"3":18,"4":2,"5":18,"6":6,"7":18,"8":9,"9":18,"10":10,"11":18,"12":14,"13":18,"14":18,"15":36,"16":4,"17":3,"18":1,"19":4,"20":4},"f":{"0":36,"1":18,"2":4,"3":3,"4":1,"5":4,"6":4},"b":{"0":[2,16],"1":[6,12],"2":[9,9],"3":[10,8],"4":[14,4],"5":[36,4],"6":[36,3],"7":[36,12],"8":[36,11],"9":[36,18],"10":[36,17],"11":[36,20],"12":[36,19],"13":[36,28],"14":[36,27]},"_coverageSchema":"1a1c01bbd47fc00a2c39e90264f33305004495a9","hash":"f035a2a0bf9f07971bb31b2487cfd040b4756eb9"}
,"C:\\Users\\Richard\\curly-broccoli\\frontend\\src\\components\\steps\\StepQuestionnaire.jsx": {"path":"C:\\Users\\Richard\\curly-broccoli\\frontend\\src\\components\\steps\\StepQuestionnaire.jsx","statementMap":{"0":{"start":{"line":5,"column":24},"end":{"line":5,"column":48}},"1":{"start":{"line":7,"column":25},"end":{"line":11,"column":3}},"2":{"start":{"line":8,"column":16},"end":{"line":8,"column":34}},"3":{"start":{"line":9,"column":4},"end":{"line":9,"column":21}},"4":{"start":{"line":10,"column":4},"end":{"line":10,"column":35}},"5":{"start":{"line":13,"column":2},"end":{"line":54,"column":4}},"6":{"start":{"line":17,"column":8},"end":{"line":32,"column":14}},"7":{"start":{"line":20,"column":12},"end":{"line":30,"column":20}},"8":{"start":{"line":26,"column":32},"end":{"line":26,"column":56}},"9":{"start":{"line":36,"column":10},"end":{"line":38,"column":16}},"10":{"start":{"line":43,"column":10},"end":{"line":46,"column":11}},"11":{"start":{"line":43,"column":40},"end":{"line":43,"column":54}},"12":{"start":{"line":44,"column":12},"end":{"line":44,"column":66}},"13":{"start":{"line":45,"column":12},"end":{"line":45,"column":19}},"14":{"start":{"line":47,"column":10},"end":{"line":47,"column":17}}},"fnMap":{"0":{"name":"StepQuestionnaire","decl":{"start":{"line":4,"column":24},"end":{"line":4,"column":41}},"loc":{"start":{"line":4,"column":66},"end":{"line":55,"column":1}},"line":4},"1":{"name":"(anonymous_1)","decl":{"start":{"line":7,"column":25},"end":{"line":7,"column":26}},"loc":{"start":{"line":7,"column":41},"end":{"line":11,"column":3}},"line":7},"2":{"name":"(anonymous_2)","decl":{"start":{"line":16,"column":26},"end":{"line":16,"column":27}},"loc":{"start":{"line":17,"column":8},"end":{"line":32,"column":14}},"line":17},"3":{"name":"(anonymous_3)","decl":{"start":{"line":19,"column":27},"end":{"line":19,"column":28}},"loc":{"start":{"line":20,"column":12},"end":{"line":30,"column":20}},"line":20},"4":{"name":"(anonymous_4)","decl":{"start":{"line":26,"column":26},"end":{"line":26,"column":27}},"loc":{"start":{"line":26,"column":32},"end":{"line":26,"column":56}},"line":26},"5":{"name":"(anonymous_5)","decl":{"start":{"line":35,"column":40},"end":{"line":35,"column":41}},"loc":{"start":{"line":36,"column":10},"end":{"line":38,"column":16}},"line":36},"6":{"name":"(anonymous_6)","decl":{"start":{"line":42,"column":17},"end":{"line":42,"column":18}},"loc":{"start":{"line":42,"column":23},"end":{"line":48,"column":9}},"line":42},"7":{"name":"(anonymous_7)","decl":{"start":{"line":43,"column":33},"end":{"line":43,"column":34}},"loc":{"start":{"line":43,"column":40},"end":{"line":43,"column":54}},"line":43}},"branchMap":{"0":{"loc":{"start":{"line":5,"column":24},"end":{"line":5,"column":48}},"type":"binary-expr","locations":[{"start":{"line":5,"column":24},"end":{"line":5,"column":42}},{"start":{"line":5,"column":46},"end":{"line":5,"column":48}}],"line":5},"1":{"loc":{"start":{"line":43,"column":10},"end":{"line":46,"column":11}},"type":"if","locations":[{"start":{"line":43,"column":10},"end":{"line":46,"column":11}},{"start":{},"end":{}}],"line":43},"2":{"loc":{"start":{"line":43,"column":40},"end":{"line":43,"column":54}},"type":"binary-expr","locations":[{"start":{"line":43,"column":40},"end":{"line":43,"column":45}},{"start":{"line":43,"column":49},"end":{"line":43,"column":54}}],"line":43}},"s":{"0":10,"1":10,"2":8,"3":8,"4":8,"5":10,"6":80,"7":400,"8":8,"9":50,"10":1,"11":8,"12":0,"13":0,"14":1},"f":{"0":10,"1":8,"2":80,"3":400,"4":8,"5":50,"6":1,"7":8},"b":{"0":[10,1],"1":[0,1],"2":[8,8]},"_coverageSchema":"1a1c01bbd47fc00a2c39e90264f33305004495a9","hash":"c147e4f46e0d2d37e02a13fa834d23767ed308f1"}
,"C:\\Users\\Richard\\curly-broccoli\\frontend\\src\\components\\steps\\StepSummary.jsx": {"path":"C:\\Users\\Richard\\curly-broccoli\\frontend\\src\\components\\steps\\StepSummary.jsx","statementMap":{"0":{"start":{"line":6,"column":19},"end":{"line":6,"column":32}},"1":{"start":{"line":8,"column":2},"end":{"line":50,"column":4}},"2":{"start":{"line":23,"column":12},"end":{"line":25,"column":17}},"3":{"start":{"line":40,"column":21},"end":{"line":40,"column":41}},"4":{"start":{"line":41,"column":10},"end":{"line":43,"column":11}},"5":{"start":{"line":42,"column":12},"end":{"line":42,"column":35}}},"fnMap":{"0":{"name":"StepSummary","decl":{"start":{"line":5,"column":24},"end":{"line":5,"column":35}},"loc":{"start":{"line":5,"column":69},"end":{"line":51,"column":1}},"line":5},"1":{"name":"(anonymous_1)","decl":{"start":{"line":22,"column":30},"end":{"line":22,"column":31}},"loc":{"start":{"line":23,"column":12},"end":{"line":25,"column":17}},"line":23},"2":{"name":"(anonymous_2)","decl":{"start":{"line":39,"column":17},"end":{"line":39,"column":18}},"loc":{"start":{"line":39,"column":29},"end":{"line":44,"column":9}},"line":39}},"branchMap":{"0":{"loc":{"start":{"line":29,"column":7},"end":{"line":37,"column":7}},"type":"binary-expr","locations":[{"start":{"line":29,"column":7},"end":{"line":29,"column":14}},{"start":{"line":30,"column":8},"end":{"line":36,"column":14}}],"line":29},"1":{"loc":{"start":{"line":41,"column":10},"end":{"line":43,"column":11}},"type":"if","locations":[{"start":{"line":41,"column":10},"end":{"line":43,"column":11}},{"start":{},"end":{}}],"line":41}},"s":{"0":3,"1":3,"2":24,"3":1,"4":1,"5":1},"f":{"0":3,"1":24,"2":1},"b":{"0":[3,1],"1":[1,0]},"_coverageSchema":"1a1c01bbd47fc00a2c39e90264f33305004495a9","hash":"c8c206f0145c9457d067c279cea049b460acfa7c"}
,"C:\\Users\\Richard\\curly-broccoli\\frontend\\src\\components\\steps\\risk-config.js": {"path":"C:\\Users\\Richard\\curly-broccoli\\frontend\\src\\components\\steps\\risk-config.js","statementMap":{"0":{"start":{"line":2,"column":30},"end":{"line":11,"column":1}},"1":{"start":{"line":13,"column":26},"end":{"line":19,"column":1}}},"fnMap":{},"branchMap":{},"s":{"0":3,"1":3},"f":{},"b":{},"_coverageSchema":"1a1c01bbd47fc00a2c39e90264f33305004495a9","hash":"1aecd8b10ee13a165a4e70d966f953c8bdcbea0b"}
}
