TN:
SF:src\App.js
FN:5,App
FNF:1
FNH:0
FNDA:0,App
DA:6,0
LF:1
LH:0
BRF:0
BRH:0
end_of_record
TN:
SF:src\index.js
FNF:0
FNH:0
DA:7,0
DA:8,0
LF:2
LH:0
BRF:0
BRH:0
end_of_record
TN:
SF:src\components\Dashboard.jsx
FN:3,Dashboard
FNF:1
FNH:0
FNDA:0,Dashboard
DA:4,0
LF:1
LH:0
BRF:0
BRH:0
end_of_record
TN:
SF:src\components\Onboarding.js
FN:5,Onboarding
FN:9,(anonymous_1)
FN:10,(anonymous_2)
FN:12,(anonymous_3)
FNF:4
FNH:0
FNDA:0,Onboarding
FNDA:0,(anonymous_1)
FNDA:0,(anonymous_2)
FNDA:0,(anonymous_3)
DA:3,0
DA:6,0
DA:7,0
DA:9,0
DA:10,0
DA:12,0
DA:14,0
LF:7
LH:0
BRDA:17,0,0,0
BRDA:17,0,1,0
BRDA:33,1,0,0
BRDA:33,1,1,0
BRDA:49,2,0,0
BRDA:49,2,1,0
BRDA:59,3,0,0
BRDA:59,3,1,0
BRDA:72,4,0,0
BRDA:72,4,1,0
BRF:10
BRH:0
end_of_record
TN:
SF:src\components\OnboardingWizard.jsx
FN:20,OnboardingWizard
FN:25,(anonymous_1)
FN:38,(anonymous_2)
FN:38,(anonymous_3)
FN:40,(anonymous_4)
FN:40,(anonymous_5)
FN:43,(anonymous_6)
FN:43,(anonymous_7)
FN:44,(anonymous_8)
FN:44,(anonymous_9)
FN:46,(anonymous_10)
FN:64,(anonymous_11)
FN:104,(anonymous_12)
FNF:13
FNH:11
FNDA:117,OnboardingWizard
FNDA:936,(anonymous_1)
FNDA:57,(anonymous_2)
FNDA:57,(anonymous_3)
FNDA:53,(anonymous_4)
FNDA:53,(anonymous_5)
FNDA:5,(anonymous_6)
FNDA:5,(anonymous_7)
FNDA:0,(anonymous_8)
FNDA:0,(anonymous_9)
FNDA:1,(anonymous_10)
FNDA:8,(anonymous_11)
FNDA:702,(anonymous_12)
DA:11,1
DA:21,117
DA:22,117
DA:23,117
DA:25,936
DA:27,117
DA:28,117
DA:29,117
DA:31,117
DA:32,117
DA:34,117
DA:36,117
DA:38,117
DA:39,117
DA:40,53
DA:43,117
DA:44,117
DA:46,117
DA:47,1
DA:48,1
DA:64,8
DA:67,1
DA:68,0
DA:69,0
DA:70,0
DA:71,0
DA:75,0
DA:76,0
DA:79,1
DA:80,1
DA:82,0
DA:83,0
DA:84,0
DA:86,1
DA:87,1
DA:88,1
DA:90,0
DA:91,0
DA:94,0
DA:98,117
DA:100,117
DA:105,702
LF:42
LH:30
BRDA:36,0,0,117
BRDA:36,0,1,0
BRDA:36,1,0,117
BRDA:36,1,1,117
BRDA:67,2,0,0
BRDA:67,2,1,1
BRDA:71,3,0,0
BRDA:71,3,1,0
BRDA:71,3,2,0
BRDA:108,4,0,117
BRDA:108,4,1,585
BRDA:121,5,0,117
BRDA:121,5,1,106
BRDA:126,6,0,117
BRDA:126,6,1,9
BRDA:131,7,0,117
BRDA:131,7,1,2
BRDA:140,8,0,117
BRDA:140,8,1,106
BRF:19
BRH:14
end_of_record
TN:
SF:src\components\steps\StepAccount.jsx
FN:3,StepAccount
FN:6,(anonymous_1)
FN:30,(anonymous_2)
FN:41,(anonymous_3)
FN:54,(anonymous_4)
FNF:5
FNH:5
FNDA:46,StepAccount
FNDA:23,(anonymous_1)
FNDA:7,(anonymous_2)
FNDA:7,(anonymous_3)
FNDA:7,(anonymous_4)
DA:4,46
DA:6,46
DA:7,23
DA:8,23
DA:9,2
DA:10,21
DA:11,4
DA:13,23
DA:14,14
DA:16,23
DA:17,13
DA:19,23
DA:20,23
DA:23,46
DA:30,7
DA:41,7
DA:54,7
LF:17
LH:17
BRDA:8,0,0,2
BRDA:8,0,1,21
BRDA:10,1,0,4
BRDA:10,1,1,17
BRDA:13,2,0,14
BRDA:13,2,1,9
BRDA:13,3,0,23
BRDA:13,3,1,14
BRDA:16,4,0,13
BRDA:16,4,1,10
BRDA:29,5,0,46
BRDA:29,5,1,4
BRDA:34,6,0,46
BRDA:34,6,1,11
BRDA:40,7,0,46
BRDA:40,7,1,18
BRDA:45,8,0,46
BRDA:45,8,1,27
BRDA:53,9,0,46
BRDA:53,9,1,32
BRDA:58,10,0,46
BRDA:58,10,1,26
BRF:22
BRH:22
end_of_record
TN:
SF:src\components\steps\StepFinancial.jsx
FN:3,StepFinancial
FN:6,(anonymous_1)
FN:35,(anonymous_2)
FN:47,(anonymous_3)
FN:66,(anonymous_4)
FNF:5
FNH:5
FNDA:14,StepFinancial
FNDA:7,(anonymous_1)
FNDA:3,(anonymous_2)
FNDA:1,(anonymous_3)
FNDA:1,(anonymous_4)
DA:4,14
DA:6,14
DA:7,7
DA:8,7
DA:9,5
DA:10,7
DA:15,2
DA:17,7
DA:22,6
DA:24,7
DA:25,7
DA:28,14
DA:35,3
DA:47,1
DA:66,1
LF:15
LH:15
BRDA:8,0,0,5
BRDA:8,0,1,2
BRDA:10,1,0,2
BRDA:10,1,1,5
BRDA:11,2,0,7
BRDA:11,2,1,5
BRDA:11,2,2,5
BRDA:17,3,0,6
BRDA:17,3,1,1
BRDA:18,4,0,7
BRDA:18,4,1,1
BRDA:18,4,2,1
BRDA:34,5,0,14
BRDA:34,5,1,4
BRDA:39,6,0,14
BRDA:39,6,1,3
BRDA:46,7,0,14
BRDA:46,7,1,10
BRDA:57,8,0,14
BRDA:57,8,1,9
BRDA:65,9,0,14
BRDA:65,9,1,12
BRDA:70,10,0,14
BRDA:70,10,1,11
BRF:24
BRH:24
end_of_record
TN:
SF:src\components\steps\StepGoals.jsx
FN:3,StepGoals
FN:6,(anonymous_1)
FN:29,(anonymous_2)
FN:48,(anonymous_3)
FN:65,(anonymous_4)
FNF:5
FNH:5
FNDA:18,StepGoals
FNDA:9,(anonymous_1)
FNDA:1,(anonymous_2)
FNDA:4,(anonymous_3)
FNDA:2,(anonymous_4)
DA:4,18
DA:6,18
DA:7,9
DA:8,9
DA:9,9
DA:10,3
DA:11,9
DA:12,7
DA:14,9
DA:15,9
DA:23,18
DA:30,1
DA:49,4
DA:66,2
LF:14
LH:14
BRDA:8,0,0,2
BRDA:8,0,1,7
BRDA:9,1,0,3
BRDA:9,1,1,6
BRDA:9,2,0,9
BRDA:9,2,1,6
BRDA:11,3,0,7
BRDA:11,3,1,2
BRDA:11,4,0,9
BRDA:11,4,1,2
BRDA:28,5,0,18
BRDA:28,5,1,4
BRDA:30,6,0,1
BRDA:30,6,1,1
BRDA:39,7,0,18
BRDA:39,7,1,3
BRDA:47,8,0,18
BRDA:47,8,1,6
BRDA:50,9,0,4
BRDA:50,9,1,0
BRDA:56,10,0,18
BRDA:56,10,1,5
BRDA:64,11,0,18
BRDA:64,11,1,14
BRDA:67,12,0,2
BRDA:67,12,1,0
BRDA:73,13,0,18
BRDA:73,13,1,13
BRF:28
BRH:26
end_of_record
TN:
SF:src\components\steps\StepPersonal.jsx
FN:3,StepPersonal
FN:6,(anonymous_1)
FN:23,(anonymous_2)
FN:35,(anonymous_3)
FN:48,(anonymous_4)
FN:58,(anonymous_5)
FN:70,(anonymous_6)
FNF:7
FNH:7
FNDA:36,StepPersonal
FNDA:18,(anonymous_1)
FNDA:4,(anonymous_2)
FNDA:3,(anonymous_3)
FNDA:1,(anonymous_4)
FNDA:4,(anonymous_5)
FNDA:4,(anonymous_6)
DA:4,36
DA:6,36
DA:7,18
DA:8,18
DA:9,18
DA:10,18
DA:11,18
DA:12,18
DA:13,18
DA:14,18
DA:17,36
DA:23,4
DA:35,3
DA:48,1
DA:58,4
DA:70,4
LF:16
LH:16
BRDA:8,0,0,2
BRDA:8,0,1,16
BRDA:9,1,0,6
BRDA:9,1,1,12
BRDA:10,2,0,9
BRDA:10,2,1,9
BRDA:11,3,0,10
BRDA:11,3,1,8
BRDA:12,4,0,14
BRDA:12,4,1,4
BRDA:22,5,0,36
BRDA:22,5,1,4
BRDA:27,6,0,36
BRDA:27,6,1,3
BRDA:34,7,0,36
BRDA:34,7,1,12
BRDA:39,8,0,36
BRDA:39,8,1,11
BRDA:47,9,0,36
BRDA:47,9,1,18
BRDA:52,10,0,36
BRDA:52,10,1,17
BRDA:57,11,0,36
BRDA:57,11,1,20
BRDA:62,12,0,36
BRDA:62,12,1,19
BRDA:69,13,0,36
BRDA:69,13,1,28
BRDA:74,14,0,36
BRDA:74,14,1,27
BRF:30
BRH:30
end_of_record
TN:
SF:src\components\steps\StepQuestionnaire.jsx
FN:4,StepQuestionnaire
FN:7,(anonymous_1)
FN:16,(anonymous_2)
FN:19,(anonymous_3)
FN:26,(anonymous_4)
FN:35,(anonymous_5)
FN:42,(anonymous_6)
FN:43,(anonymous_7)
FNF:8
FNH:8
FNDA:10,StepQuestionnaire
FNDA:8,(anonymous_1)
FNDA:80,(anonymous_2)
FNDA:400,(anonymous_3)
FNDA:8,(anonymous_4)
FNDA:50,(anonymous_5)
FNDA:1,(anonymous_6)
FNDA:8,(anonymous_7)
DA:5,10
DA:7,10
DA:8,8
DA:9,8
DA:10,8
DA:13,10
DA:17,80
DA:20,400
DA:26,8
DA:36,50
DA:43,8
DA:44,0
DA:45,0
DA:47,1
LF:14
LH:12
BRDA:5,0,0,10
BRDA:5,0,1,1
BRDA:43,1,0,0
BRDA:43,1,1,1
BRDA:43,2,0,8
BRDA:43,2,1,8
BRF:6
BRH:5
end_of_record
TN:
SF:src\components\steps\StepSummary.jsx
FN:5,StepSummary
FN:22,(anonymous_1)
FN:39,(anonymous_2)
FNF:3
FNH:3
FNDA:3,StepSummary
FNDA:24,(anonymous_1)
FNDA:1,(anonymous_2)
DA:6,3
DA:8,3
DA:23,24
DA:40,1
DA:41,1
DA:42,1
LF:6
LH:6
BRDA:29,0,0,3
BRDA:29,0,1,1
BRDA:41,1,0,1
BRDA:41,1,1,0
BRF:4
BRH:3
end_of_record
TN:
SF:src\components\steps\risk-config.js
FNF:0
FNH:0
DA:2,3
DA:13,3
LF:2
LH:2
BRF:0
BRH:0
end_of_record
